#
# There is insufficient memory for the Java Runtime Environment to continue.
# Native memory allocation (malloc) failed to allocate 1611216 bytes for Chunk::new
# Possible reasons:
#   The system is out of physical RAM or swap space
#   In 32 bit mode, the process size limit was hit
# Possible solutions:
#   Reduce memory load on the system
#   Increase physical memory or swap space
#   Check if swap backing store is full
#   Use 64 bit Java on a 64 bit OS
#   Decrease Java heap size (-Xmx/-Xms)
#   Decrease number of Java threads
#   Decrease Java thread stack sizes (-Xss)
#   Set larger code cache with -XX:ReservedCodeCacheSize=
# This output file may be truncated or incomplete.
#
#  Out of Memory Error (allocation.cpp:390), pid=14624, tid=12620
#
# JRE version: Java(TM) SE Runtime Environment (8.0_91-b15) (build 1.8.0_91-b15)
# Java VM: Java HotSpot(TM) 64-Bit Server VM (25.91-b15 mixed mode windows-amd64 compressed oops)
# Failed to write core dump. Minidumps are not enabled by default on client versions of Windows
#

---------------  T H R E A D  ---------------

Current thread (0x0000000016746000):  JavaThread "C2 CompilerThread0" daemon [_thread_in_native, id=12620, stack(0x0000000018260000,0x0000000018360000)]

Stack: [0x0000000018260000,0x0000000018360000]
[error occurred during error reporting (printing stack bounds), id 0xc0000005]

Native frames: (J=compiled Java code, j=interpreted, Vv=VM code, C=native code)


Current CompileTask:
C2:  21312 1839   !   4       java.net.URLClassLoader$1::run (63 bytes)


---------------  P R O C E S S  ---------------

Java Threads: ( => current thread )
  0x0000000017bf1800 JavaThread "Service Thread" daemon [_thread_blocked, id=6616, stack(0x0000000018560000,0x0000000018660000)]
  0x0000000017bec800 JavaThread "C1 CompilerThread2" daemon [_thread_blocked, id=14288, stack(0x0000000018460000,0x0000000018560000)]
  0x0000000016749800 JavaThread "C2 CompilerThread1" daemon [_thread_blocked, id=6248, stack(0x0000000018360000,0x0000000018460000)]
=>0x0000000016746000 JavaThread "C2 CompilerThread0" daemon [_thread_in_native, id=12620, stack(0x0000000018260000,0x0000000018360000)]
  0x0000000016744800 JavaThread "Monitor Ctrl-Break" daemon [_thread_in_native, id=1112, stack(0x0000000018160000,0x0000000018260000)]
  0x0000000017ba3000 JavaThread "Attach Listener" daemon [_thread_blocked, id=9208, stack(0x0000000018060000,0x0000000018160000)]
  0x0000000016712800 JavaThread "Signal Dispatcher" daemon [_thread_blocked, id=16172, stack(0x0000000017f60000,0x0000000018060000)]
  0x00000000166ea800 JavaThread "Finalizer" daemon [_thread_blocked, id=12188, stack(0x0000000017960000,0x0000000017a60000)]
  0x00000000052d2000 JavaThread "Reference Handler" daemon [_thread_blocked, id=4340, stack(0x0000000017860000,0x0000000017960000)]
  0x0000000004bbe000 JavaThread "main" [_thread_in_Java, id=10808, stack(0x0000000004f40000,0x0000000005040000)]

Other Threads:
  0x00000000166c9000 VMThread [stack: 0x0000000017760000,0x0000000017860000] [id=14312]
  0x0000000017c48000 WatcherThread [stack: 0x0000000018660000,0x0000000018760000] [id=10512]

VM state:not at safepoint (normal execution)

VM Mutex/Monitor currently owned by a thread: None

Heap:
 PSYoungGen      total 76288K, used 41319K [0x00000000f5580000, 0x00000000fea80000, 0x0000000100000000)
  eden space 65536K, 48% used [0x00000000f5580000,0x00000000f74a5000,0x00000000f9580000)
  from space 10752K, 87% used [0x00000000f9580000,0x00000000f9eb4e00,0x00000000fa000000)
  to   space 10752K, 0% used [0x00000000fe000000,0x00000000fe000000,0x00000000fea80000)
 ParOldGen       total 175104K, used 0K [0x00000000e0000000, 0x00000000eab00000, 0x00000000f5580000)
  object space 175104K, 0% used [0x00000000e0000000,0x00000000e0000000,0x00000000eab00000)
 Metaspace       used 14755K, capacity 15112K, committed 15232K, reserved 1062912K
  class space    used 1824K, capacity 1910K, committed 1920K, reserved 1048576K

Card table byte_map: [0x00000000146a0000,0x00000000147b0000] byte_map_base: 0x0000000013fa0000

Marking Bits: (ParMarkBitMap*) 0x0000000077f72f70
 Begin Bits: [0x0000000014c60000, 0x0000000015460000)
 End Bits:   [0x0000000015460000, 0x0000000015c60000)

Polling page: 0x0000000003350000

CodeCache: size=245760Kb used=6401Kb max_used=6420Kb free=239358Kb
 bounds [0x00000000052e0000, 0x0000000005930000, 0x00000000142e0000]
 total_blobs=2180 nmethods=1838 adapters=254
 compilation: enabled

Compilation events (10 events):
Event: 21.158 Thread 0x0000000017bec800 1835       3       org.apache.maven.model.validation.DefaultModelValidator::validateBoolean (80 bytes)
Event: 21.159 Thread 0x0000000017bec800 nmethod 1835 0x0000000005919bd0 code [0x0000000005919de0, 0x000000000591aa28]
Event: 21.160 Thread 0x0000000016749800 1836       4       org.apache.maven.model.Dependency::getManagementKey (94 bytes)
Event: 21.209 Thread 0x0000000016746000 nmethod 1814 0x0000000005921b10 code [0x0000000005921fa0, 0x0000000005925150]
Event: 21.215 Thread 0x0000000016746000 1837       4       java.lang.ClassNotFoundException::<init> (7 bytes)
Event: 21.218 Thread 0x0000000016746000 nmethod 1837 0x0000000005909310 code [0x0000000005909460, 0x00000000059097c8]
Event: 21.218 Thread 0x0000000016746000 1838   !   4       java.net.URLClassLoader::findClass (47 bytes)
Event: 21.221 Thread 0x0000000016746000 nmethod 1838 0x000000000591e790 code [0x000000000591e920, 0x000000000591eb18]
Event: 21.227 Thread 0x0000000016746000 1839   !   4       java.net.URLClassLoader$1::run (63 bytes)
Event: 21.235 Thread 0x0000000016749800 nmethod 1836 0x000000000592b810 code [0x000000000592ba00, 0x000000000592d8b8]

GC Heap History (2 events):
Event: 15.671 GC heap before
{Heap before GC invocations=1 (full 0):
 PSYoungGen      total 76288K, used 65536K [0x00000000f5580000, 0x00000000faa80000, 0x0000000100000000)
  eden space 65536K, 100% used [0x00000000f5580000,0x00000000f9580000,0x00000000f9580000)
  from space 10752K, 0% used [0x00000000fa000000,0x00000000fa000000,0x00000000faa80000)
  to   space 10752K, 0% used [0x00000000f9580000,0x00000000f9580000,0x00000000fa000000)
 ParOldGen       total 175104K, used 0K [0x00000000e0000000, 0x00000000eab00000, 0x00000000f5580000)
  object space 175104K, 0% used [0x00000000e0000000,0x00000000e0000000,0x00000000eab00000)
 Metaspace       used 11433K, capacity 11790K, committed 12160K, reserved 1060864K
  class space    used 1431K, capacity 1543K, committed 1664K, reserved 1048576K
Event: 15.846 GC heap after
Heap after GC invocations=1 (full 0):
 PSYoungGen      total 76288K, used 9427K [0x00000000f5580000, 0x00000000fea80000, 0x0000000100000000)
  eden space 65536K, 0% used [0x00000000f5580000,0x00000000f5580000,0x00000000f9580000)
  from space 10752K, 87% used [0x00000000f9580000,0x00000000f9eb4e00,0x00000000fa000000)
  to   space 10752K, 0% used [0x00000000fe000000,0x00000000fe000000,0x00000000fea80000)
 ParOldGen       total 175104K, used 0K [0x00000000e0000000, 0x00000000eab00000, 0x00000000f5580000)
  object space 175104K, 0% used [0x00000000e0000000,0x00000000e0000000,0x00000000eab00000)
 Metaspace       used 11433K, capacity 11790K, committed 12160K, reserved 1060864K
  class space    used 1431K, capacity 1543K, committed 1664K, reserved 1048576K
}

Deoptimization events (10 events):
Event: 18.456 Thread 0x0000000004bbe000 Uncommon trap: reason=null_check action=make_not_entrant pc=0x000000000548bf1c method=java.lang.String.equals(Ljava/lang/Object;)Z @ 8
Event: 18.654 Thread 0x0000000004bbe000 Uncommon trap: reason=unstable_if action=reinterpret pc=0x000000000559c3b8 method=org.codehaus.plexus.util.xml.pull.MXParser.parseStartTag()I @ 443
Event: 19.102 Thread 0x0000000004bbe000 Uncommon trap: reason=unstable_if action=reinterpret pc=0x00000000055cca08 method=sun.nio.cs.UTF_8$Decoder.decode([BII[C)I @ 30
Event: 19.131 Thread 0x0000000004bbe000 Uncommon trap: reason=unstable_if action=reinterpret pc=0x0000000005562324 method=sun.nio.cs.UTF_8$Decoder.decodeArrayLoop(Ljava/nio/ByteBuffer;Ljava/nio/CharBuffer;)Ljava/nio/charset/CoderResult; @ 84
Event: 19.131 Thread 0x0000000004bbe000 Uncommon trap: reason=unstable_if action=reinterpret pc=0x00000000055562e8 method=org.codehaus.plexus.util.xml.pull.MXParser.isS(C)Z @ 21
Event: 19.623 Thread 0x0000000004bbe000 Uncommon trap: reason=unstable_if action=reinterpret pc=0x0000000005489468 method=java.lang.String.replace(CC)Ljava/lang/String; @ 2
Event: 20.190 Thread 0x0000000004bbe000 Uncommon trap: reason=unstable_if action=reinterpret pc=0x000000000587f974 method=java.lang.reflect.AccessibleObject.setAccessible0(Ljava/lang/reflect/AccessibleObject;Z)V @ 4
Event: 20.208 Thread 0x0000000004bbe000 Uncommon trap: reason=unstable_if action=reinterpret pc=0x0000000005840314 method=org.codehaus.plexus.util.xml.pull.MXParser.nextImpl()I @ 879
Event: 20.428 Thread 0x0000000004bbe000 Uncommon trap: reason=null_check action=make_not_entrant pc=0x00000000058b9a9c method=org.apache.maven.model.io.xpp3.MavenXpp3ReaderEx.checkFieldWithDuplicate(Lorg/codehaus/plexus/util/xml/pull/XmlPullParser;Ljava/lang/String;Ljava/lang/String;Ljava/util/Sc¦¿›AÒ4@
Event: 20.821 Thread 0x0000000004bbe000 Uncommon trap: reason=unstable_if action=reinterpret pc=0x00000000058d0a58 method=org.codehaus.plexus.util.xml.pull.MXParser.nextImpl()I @ 310

Internal exceptions (10 events):
Event: 11.492 Thread 0x0000000004bbe000 Exception <a 'java/lang/ArrayIndexOutOfBoundsException'> (0x00000000f6c27b08) thrown at [C:\re\workspace\8-2-build-windows-amd64-cygwin\jdk8u91\7017\hotspot\src\share\vm\runtime\sharedRuntime.cpp, line 605]
Event: 11.493 Thread 0x0000000004bbe000 Exception <a 'java/lang/ArrayIndexOutOfBoundsException'> (0x00000000f6c29260) thrown at [C:\re\workspace\8-2-build-windows-amd64-cygwin\jdk8u91\7017\hotspot\src\share\vm\runtime\sharedRuntime.cpp, line 605]
Event: 11.493 Thread 0x0000000004bbe000 Exception <a 'java/lang/ArrayIndexOutOfBoundsException'> (0x00000000f6c2b0a0) thrown at [C:\re\workspace\8-2-build-windows-amd64-cygwin\jdk8u91\7017\hotspot\src\share\vm\runtime\sharedRuntime.cpp, line 605]
Event: 11.493 Thread 0x0000000004bbe000 Exception <a 'java/lang/ArrayIndexOutOfBoundsException': 100> (0x00000000f6c2c7e0) thrown at [C:\re\workspace\8-2-build-windows-amd64-cygwin\jdk8u91\7017\hotspot\src\share\vm\interpreter\interpreterRuntime.cpp, line 366]
Event: 11.493 Thread 0x0000000004bbe000 Exception <a 'java/lang/ArrayIndexOutOfBoundsException': 24> (0x00000000f6c2d528) thrown at [C:\re\workspace\8-2-build-windows-amd64-cygwin\jdk8u91\7017\hotspot\src\share\vm\interpreter\interpreterRuntime.cpp, line 366]
Event: 17.234 Thread 0x0000000004bbe000 Exception <a 'java/lang/NoClassDefFoundError': com/google/inject/servlet/ServletModuleTargetVisitor> (0x00000000f5fafd88) thrown at [C:\re\workspace\8-2-build-windows-amd64-cygwin\jdk8u91\7017\hotspot\src\share\vm\classfile\systemDictionary.cpp, line 199]
Event: 17.234 Thread 0x0000000004bbe000 Exception <a 'java/lang/NoClassDefFoundError'> (0x00000000f5fafd88) thrown at [C:\re\workspace\8-2-build-windows-amd64-cygwin\jdk8u91\7017\hotspot\src\share\vm\prims\jvm.cpp, line 1390]
Event: 17.235 Thread 0x0000000004bbe000 Exception <a 'java/lang/NoClassDefFoundError': javax/annotation/Priority> (0x00000000f5fb49d0) thrown at [C:\re\workspace\8-2-build-windows-amd64-cygwin\jdk8u91\7017\hotspot\src\share\vm\classfile\systemDictionary.cpp, line 199]
Event: 18.456 Thread 0x0000000004bbe000 Implicit null exception at 0x000000000548bd5b to 0x000000000548bf0d
Event: 20.428 Thread 0x0000000004bbe000 Implicit null exception at 0x00000000058b9837 to 0x00000000058b9a81

Events (10 events):
Event: 21.213 loading class org/apache/maven/artifact/versioning/ComparableVersion$Item
Event: 21.213 loading class org/apache/maven/artifact/versioning/ComparableVersion$Item done
Event: 21.215 loading class org/apache/maven/artifact/versioning/ComparableVersion$ListItem
Event: 21.215 loading class org/apache/maven/artifact/versioning/ComparableVersion$ListItem done
Event: 21.222 loading class org/apache/maven/artifact/versioning/ComparableVersion$IntegerItem
Event: 21.222 loading class org/apache/maven/artifact/versioning/ComparableVersion$IntegerItem done
Event: 21.223 loading class java/math/BigInteger
Event: 21.226 loading class java/math/BigInteger done
Event: 21.227 loading class org/apache/maven/artifact/versioning/ComparableVersion$StringItem
Event: 21.227 loading class org/apache/maven/artifact/versioning/ComparableVersion$StringItem done


Dynamic libraries:
0x00007ff734970000 - 0x00007ff7349a7000 	C:\Program Files\Java\jdk1.8.0_91\bin\java.exe
0x00007ff87bcf0000 - 0x00007ff87bed0000 	C:\Windows\SYSTEM32\ntdll.dll
0x00007ff8791c0000 - 0x00007ff87926e000 	C:\Windows\System32\KERNEL32.DLL
0x00007ff878b40000 - 0x00007ff878da6000 	C:\Windows\System32\KERNELBASE.dll
0x00007ff87b9b0000 - 0x00007ff87ba51000 	C:\Windows\System32\ADVAPI32.dll
0x00007ff87b790000 - 0x00007ff87b82d000 	C:\Windows\System32\msvcrt.dll
0x00007ff879b90000 - 0x00007ff879beb000 	C:\Windows\System32\sechost.dll
0x00007ff87b830000 - 0x00007ff87b94f000 	C:\Windows\System32\RPCRT4.dll
0x00007ff879ee0000 - 0x00007ff87a06f000 	C:\Windows\System32\USER32.dll
0x00007ff879150000 - 0x00007ff879170000 	C:\Windows\System32\win32u.dll
0x00007ff87bc90000 - 0x00007ff87bcb8000 	C:\Windows\System32\GDI32.dll
0x00007ff8789a0000 - 0x00007ff878b33000 	C:\Windows\System32\gdi32full.dll
0x00007ff878db0000 - 0x00007ff878e4b000 	C:\Windows\System32\msvcp_win.dll
0x00007ff8788a0000 - 0x00007ff878996000 	C:\Windows\System32\ucrtbase.dll
0x00007ff8716f0000 - 0x00007ff871959000 	C:\Windows\WinSxS\amd64_microsoft.windows.common-controls_6595b64144ccf1df_6.0.16299.248_none_15ced204935f55d7\COMCTL32.dll
0x00007ff879880000 - 0x00007ff879b88000 	C:\Windows\System32\combase.dll
0x00007ff8790d0000 - 0x00007ff879142000 	C:\Windows\System32\bcryptPrimitives.dll
0x00007ff879d50000 - 0x00007ff879d7d000 	C:\Windows\System32\IMM32.DLL
0x0000000050ff0000 - 0x00000000510c2000 	C:\Program Files\Java\jdk1.8.0_91\jre\bin\msvcr100.dll
0x0000000077760000 - 0x0000000077ff3000 	C:\Program Files\Java\jdk1.8.0_91\jre\bin\server\jvm.dll
0x00007ff8796c0000 - 0x00007ff8796c8000 	C:\Windows\System32\PSAPI.DLL
0x00007ff875400000 - 0x00007ff875409000 	C:\Windows\SYSTEM32\WSOCK32.dll
0x00007ff879e70000 - 0x00007ff879edc000 	C:\Windows\System32\WS2_32.dll
0x00007ff874f40000 - 0x00007ff874f63000 	C:\Windows\SYSTEM32\WINMM.dll
0x00007ff871d20000 - 0x00007ff871d2a000 	C:\Windows\SYSTEM32\VERSION.dll
0x00007ff874e70000 - 0x00007ff874e9a000 	C:\Windows\SYSTEM32\WINMMBASE.dll
0x00007ff879170000 - 0x00007ff8791ba000 	C:\Windows\System32\cfgmgr32.dll
0x0000000050fe0000 - 0x0000000050fef000 	C:\Program Files\Java\jdk1.8.0_91\jre\bin\verify.dll
0x0000000050fb0000 - 0x0000000050fd9000 	C:\Program Files\Java\jdk1.8.0_91\jre\bin\java.dll
0x0000000050dd0000 - 0x0000000050df3000 	C:\Program Files\Java\jdk1.8.0_91\jre\bin\instrument.dll
0x0000000050f90000 - 0x0000000050fa6000 	C:\Program Files\Java\jdk1.8.0_91\jre\bin\zip.dll
0x00007ff87a240000 - 0x00007ff87b676000 	C:\Windows\System32\SHELL32.dll
0x00007ff879bf0000 - 0x00007ff879c96000 	C:\Windows\System32\shcore.dll
0x00007ff878150000 - 0x00007ff878897000 	C:\Windows\System32\windows.storage.dll
0x00007ff87a1e0000 - 0x00007ff87a231000 	C:\Windows\System32\shlwapi.dll
0x00007ff878040000 - 0x00007ff878051000 	C:\Windows\System32\kernel.appcore.dll
0x00007ff878080000 - 0x00007ff8780cc000 	C:\Windows\System32\powrprof.dll
0x00007ff878060000 - 0x00007ff87807b000 	C:\Windows\System32\profapi.dll
0x00007ff874440000 - 0x00007ff87445a000 	D:\LearnProject\developTool\idea\bin\breakgen64.dll
0x0000000050f70000 - 0x0000000050f8a000 	C:\Program Files\Java\jdk1.8.0_91\jre\bin\net.dll
0x00007ff8778d0000 - 0x00007ff877936000 	C:\Windows\system32\mswsock.dll
0x0000000050f50000 - 0x0000000050f61000 	C:\Program Files\Java\jdk1.8.0_91\jre\bin\nio.dll

VM Arguments:
jvm_args: -Dmaven.multiModuleProjectDirectory=D:\LearnProject\cklm -Xms256m -Xmx512m -Dmaven.home=D:\LearnProject\developTool\idea\plugins\maven\lib\maven3 -Dclassworlds.conf=D:\LearnProject\developTool\idea\plugins\maven\lib\maven3\bin\m2.conf -javaagent:D:\LearnProject\developTool\idea\lib\idea_rt.jar=7161:D:\LearnProject\developTool\idea\bin -Dfile.encoding=UTF-8 
java_command: org.codehaus.classworlds.Launcher -Didea.version=2017.3.4 install
java_class_path (initial): D:\LearnProject\developTool\idea\plugins\maven\lib\maven3\boot\plexus-classworlds-2.5.2.jar;D:\LearnProject\developTool\idea\lib\idea_rt.jar
Launcher Type: SUN_STANDARD

Environment Variables:
JAVA_HOME=C:\Program Files\Java\jdk1.8.0_91
CLASSPATH=.;C:\Program Files\Java\jdk1.8.0_91\lib\dt.jar;C:\Program Files\Java\jdk1.8.0_91\lib\tools.jar;
PATH=C:\ProgramData\Oracle\Java\javapath;C:\Windows\system32;C:\Windows;C:\Windows\System32\Wbem;C:\Windows\System32\WindowsPowerShell\v1.0\;C:\Program Files\Java\jdk1.8.0_91\bin;C:\Program Files\Java\jdk1.8.0_91\jre\bin;D:\LearnProject\developTool\gradle-4.4\bin;D:\LearnProject\developTool\apache-maven-3.5.3\bin;D:\LearnProject\developTool\zookeeper-3.4.11\bin;D:\LearnProject\developTool\zookeeper-3.4.11\conf;C:\Program Files (x86)\MySQL\MySQL Utilities 1.6\;C:\Users\ZMY\AppData\Local\Microsoft\WindowsApps;
USERNAME=ZMY
OS=Windows_NT
PROCESSOR_IDENTIFIER=Intel64 Family 6 Model 61 Stepping 4, GenuineIntel



---------------  S Y S T E M  ---------------

OS: Windows 10.0 , 64 bit Build 16299 (10.0.16299.15)

CPU:total 4 (2 cores per cpu, 2 threads per core) family 6 model 61 stepping 4, cmov, cx8, fxsr, mmx, sse, sse2, sse3, ssse3, sse4.1, sse4.2, popcnt, avx, avx2, aes, clmul, erms, 3dnowpref, lzcnt, ht, tsc, tscinvbit, bmi1, bmi2, adx

Memory: 4k page, physical 4103668k(241244k free), swap 11312880k(3884k free)

vm_info: Java HotSpot(TM) 64-Bit Server VM (25.91-b15) for windows-amd64 JRE (1.8.0_91-b15), built on May 20 2016 17:43:15 by "java_re" with MS VC++ 10.0 (VS2010)

time: Thu May 03 23:13:12 2018
elapsed time: 21 seconds (0d 0h 0m 21s)

